c:\users\usuario\documents\github\algoritmos2obl6\framework\debug\array.obj
c:\users\usuario\documents\github\algoritmos2obl6\framework\debug\cadenafuncionhash.obj
c:\users\usuario\documents\github\algoritmos2obl6\framework\debug\matriziteracion.obj
c:\users\usuario\documents\github\algoritmos2obl6\framework\debug\manejadorimpresion.obj
c:\users\usuario\documents\github\algoritmos2obl6\framework\debug\pruebamemoria.obj
c:\users\usuario\documents\github\algoritmos2obl6\framework\debug\arrayiteracion.obj
c:\users\usuario\documents\github\algoritmos2obl6\framework\debug\concatiteracion.obj
c:\users\usuario\documents\github\algoritmos2obl6\framework\debug\iterador.obj
c:\users\usuario\documents\github\algoritmos2obl6\framework\debug\estadisticaprueba.obj
c:\users\usuario\documents\github\algoritmos2obl6\framework\debug\manejadorimpresionxml.obj
c:\users\usuario\documents\github\algoritmos2obl6\framework\debug\puntero.obj
c:\users\usuario\documents\github\algoritmos2obl6\framework\debug\comparador.obj
c:\users\usuario\documents\github\algoritmos2obl6\framework\debug\matriz.obj
c:\users\usuario\documents\github\algoritmos2obl6\framework\debug\manejadorimpresiontxt.obj
c:\users\usuario\documents\github\algoritmos2obl6\framework\debug\tupla.obj
c:\users\usuario\documents\github\algoritmos2obl6\framework\debug\cadena.obj
c:\users\usuario\documents\github\algoritmos2obl6\framework\debug\convertiteracion.obj
c:\users\usuario\documents\github\algoritmos2obl6\framework\debug\memoryshare.obj
c:\users\usuario\documents\github\algoritmos2obl6\framework\debug\conductorprueba.obj
c:\users\usuario\documents\github\algoritmos2obl6\framework\debug\prueba.obj
c:\users\usuario\documents\github\algoritmos2obl6\framework\debug\framework.pdb
c:\users\usuario\documents\github\algoritmos2obl6\framework\debug\framework.lib
c:\users\usuario\documents\github\algoritmos2obl6\framework\debug\framework.idb
c:\users\usuario\documents\github\algoritmos2obl6\framework\debug\framework.tlog\cl.command.1.tlog
c:\users\usuario\documents\github\algoritmos2obl6\framework\debug\framework.tlog\cl.read.1.tlog
c:\users\usuario\documents\github\algoritmos2obl6\framework\debug\framework.tlog\cl.write.1.tlog
c:\users\usuario\documents\github\algoritmos2obl6\framework\debug\framework.tlog\lib-link.read.1.tlog
c:\users\usuario\documents\github\algoritmos2obl6\framework\debug\framework.tlog\lib-link.write.1.tlog
c:\users\usuario\documents\github\algoritmos2obl6\framework\debug\framework.tlog\lib.command.1.tlog
